#
# There is insufficient memory for the Java Runtime Environment to continue.
# Native memory allocation (malloc) failed to allocate 262160 bytes for Chunk::new
# Possible reasons:
#   The system is out of physical RAM or swap space
#   The process is running with CompressedOops enabled, and the Java Heap may be blocking the growth of the native heap
# Possible solutions:
#   Reduce memory load on the system
#   Increase physical memory or swap space
#   Check if swap backing store is full
#   Decrease Java heap size (-Xmx/-Xms)
#   Decrease number of Java threads
#   Decrease Java thread stack sizes (-Xss)
#   Set larger code cache with -XX:ReservedCodeCacheSize=
#   JVM is running with Unscaled Compressed Oops mode in which the Java heap is
#     placed in the first 4GB address space. The Java Heap base address is the
#     maximum limit for the native heap growth. Please use -XX:HeapBaseMinAddress
#     to set the Java Heap base and to place the Java Heap above 4GB virtual address.
# This output file may be truncated or incomplete.
#
#  Out of Memory Error (allocation.cpp:389), pid=10880, tid=0x0000000000002b84
#
# JRE version: Java(TM) SE Runtime Environment (8.0_291-b10) (build 1.8.0_291-b10)
# Java VM: Java HotSpot(TM) 64-Bit Server VM (25.291-b10 mixed mode windows-amd64 compressed oops)
# Failed to write core dump. Minidumps are not enabled by default on client versions of Windows
#

---------------  T H R E A D  ---------------

Current thread (0x0000015c1e933800):  JavaThread "C2 CompilerThread0" daemon [_thread_in_native, id=11140, stack(0x0000003d0f600000,0x0000003d0f700000)]

Stack: [0x0000003d0f600000,0x0000003d0f700000]
Native frames: (J=compiled Java code, j=interpreted, Vv=VM code, C=native code)
V  [jvm.dll+0x32ea19]
V  [jvm.dll+0x275462]
V  [jvm.dll+0x27610d]
V  [jvm.dll+0x26cb45]
V  [jvm.dll+0xd524c]
V  [jvm.dll+0xd5a4c]
V  [jvm.dll+0x4dd8d2]
V  [jvm.dll+0x4ddc23]
V  [jvm.dll+0x4df551]
V  [jvm.dll+0x4de049]
V  [jvm.dll+0x48e555]
V  [jvm.dll+0x442871]
V  [jvm.dll+0x43fae4]
V  [jvm.dll+0x42aa57]
V  [jvm.dll+0xabeeb]
V  [jvm.dll+0xaa54b]
V  [jvm.dll+0x23db02]
V  [jvm.dll+0x29210c]
C  [ucrtbase.dll+0x210b2]
C  [KERNEL32.DLL+0x17c24]
C  [ntdll.dll+0x6d721]


Current CompileTask:
C2:  27669 3868       4       sun.security.ec.ECOperations::setDouble (559 bytes)


---------------  P R O C E S S  ---------------

Java Threads: ( => current thread )
  0x0000015c22193800 JavaThread "HikariPool-1 connection adder" daemon [_thread_blocked, id=9160, stack(0x0000003d10300000,0x0000003d10400000)]
  0x0000015c22196800 JavaThread "HikariPool-1 housekeeper" daemon [_thread_blocked, id=840, stack(0x0000003d10200000,0x0000003d10300000)]
  0x0000015c230dc000 JavaThread "mysql-cj-abandoned-connection-cleanup" daemon [_thread_blocked, id=9648, stack(0x0000003d10000000,0x0000003d10100000)]
  0x0000015c1f54b800 JavaThread "container-0" [_thread_blocked, id=1164, stack(0x0000003d0ff00000,0x0000003d10000000)]
  0x0000015c23825800 JavaThread "Catalina-utility-2" [_thread_blocked, id=6108, stack(0x0000003d0fe00000,0x0000003d0ff00000)]
  0x0000015c24fe4800 JavaThread "Catalina-utility-1" [_thread_blocked, id=3328, stack(0x0000003d0fd00000,0x0000003d0fe00000)]
  0x0000015c1ffaf800 JavaThread "restartedMain" [_thread_in_vm, id=10360, stack(0x0000003d0fc00000,0x0000003d0fd00000)]
  0x0000015c1ff7f800 JavaThread "Thread-0" [_thread_blocked, id=10728, stack(0x0000003d0fb00000,0x0000003d0fc00000)]
  0x0000015c1e9c1000 JavaThread "Service Thread" daemon [_thread_blocked, id=9784, stack(0x0000003d0f900000,0x0000003d0fa00000)]
  0x0000015c1e947000 JavaThread "C1 CompilerThread2" daemon [_thread_in_native, id=3060, stack(0x0000003d0f800000,0x0000003d0f900000)]
  0x0000015c1e942800 JavaThread "C2 CompilerThread1" daemon [_thread_in_native, id=8508, stack(0x0000003d0f700000,0x0000003d0f800000)]
=>0x0000015c1e933800 JavaThread "C2 CompilerThread0" daemon [_thread_in_native, id=11140, stack(0x0000003d0f600000,0x0000003d0f700000)]
  0x0000015c1e930000 JavaThread "Attach Listener" daemon [_thread_blocked, id=1828, stack(0x0000003d0f500000,0x0000003d0f600000)]
  0x0000015c1e92f000 JavaThread "Signal Dispatcher" daemon [_thread_blocked, id=3892, stack(0x0000003d0f400000,0x0000003d0f500000)]
  0x0000015c1e1de000 JavaThread "Finalizer" daemon [_thread_blocked, id=8612, stack(0x0000003d0f200000,0x0000003d0f300000)]
  0x0000015c1e8e8000 JavaThread "Reference Handler" daemon [_thread_blocked, id=5612, stack(0x0000003d0f100000,0x0000003d0f200000)]
  0x0000015c094d6000 JavaThread "main" [_thread_blocked, id=1188, stack(0x0000003d0eb00000,0x0000003d0ec00000)]

Other Threads:
  0x0000015c1e8e3000 VMThread [stack: 0x0000003d0f000000,0x0000003d0f100000] [id=1680]
  0x0000015c1ea0e800 WatcherThread [stack: 0x0000003d0fa00000,0x0000003d0fb00000] [id=10664]

VM state:not at safepoint (normal execution)

VM Mutex/Monitor currently owned by a thread: None

heap address: 0x00000000a1600000, size: 1514 MB, Compressed Oops mode: 32-bit
Narrow klass base: 0x0000000000000000, Narrow klass shift: 3
Compressed class space size: 1073741824 Address: 0x0000000100000000

Heap:
 PSYoungGen      total 142848K, used 63406K [0x00000000e0780000, 0x00000000ea080000, 0x0000000100000000)
  eden space 135168K, 46% used [0x00000000e0780000,0x00000000e456baa0,0x00000000e8b80000)
  from space 7680K, 0% used [0x00000000e9900000,0x00000000e9900000,0x00000000ea080000)
  to   space 10752K, 0% used [0x00000000e8b80000,0x00000000e8b80000,0x00000000e9600000)
 ParOldGen       total 41984K, used 13745K [0x00000000a1600000, 0x00000000a3f00000, 0x00000000e0780000)
  object space 41984K, 32% used [0x00000000a1600000,0x00000000a236c550,0x00000000a3f00000)
 Metaspace       used 42331K, capacity 44724K, committed 45056K, reserved 1087488K
  class space    used 5731K, capacity 6140K, committed 6144K, reserved 1048576K

Card table byte_map: [0x0000015c1a190000,0x0000015c1a490000] byte_map_base: 0x0000015c19c85000

Marking Bits: (ParMarkBitMap*) 0x000000006dcf7fe0
 Begin Bits: [0x0000015c1a690000, 0x0000015c1be38000)
 End Bits:   [0x0000015c1be38000, 0x0000015c1d5e0000)

Polling page: 0x0000015c09590000

CodeCache: size=245760Kb used=11755Kb max_used=11822Kb free=234005Kb
 bounds [0x0000015c0add0000, 0x0000015c0b970000, 0x0000015c19dd0000]
 total_blobs=4076 nmethods=3592 adapters=396
 compilation: enabled

Compilation events (10 events):
Event: 27.558 Thread 0x0000015c1e947000 3980       3       sun.security.provider.DigestBase::engineUpdate (189 bytes)
Event: 27.561 Thread 0x0000015c1e947000 nmethod 3980 0x0000015c0b439110 code [0x0000015c0b439320, 0x0000015c0b439f70]
Event: 27.566 Thread 0x0000015c1e947000 3981       3       java.util.Optional::of (9 bytes)
Event: 27.569 Thread 0x0000015c1e947000 nmethod 3981 0x0000015c0b4389d0 code [0x0000015c0b438b60, 0x0000015c0b438f10]
Event: 27.569 Thread 0x0000015c1e947000 3984       3       java.math.MutableBigInteger::divWord (108 bytes)
Event: 27.570 Thread 0x0000015c1e947000 nmethod 3984 0x0000015c0b438350 code [0x0000015c0b4384c0, 0x0000015c0b438858]
Event: 27.570 Thread 0x0000015c1e947000 3982       3       java.util.Optional::<init> (13 bytes)
Event: 27.571 Thread 0x0000015c1e947000 nmethod 3982 0x0000015c0b437d50 code [0x0000015c0b437ec0, 0x0000015c0b4381f0]
Event: 27.571 Thread 0x0000015c1e947000 3983       1       sun.security.ec.ECPublicKeyImpl::getParams (5 bytes)
Event: 27.571 Thread 0x0000015c1e947000 nmethod 3983 0x0000015c0b437a90 code [0x0000015c0b437be0, 0x0000015c0b437cf8]

GC Heap History (10 events):
Event: 8.289 GC heap before
{Heap before GC invocations=8 (full 1):
 PSYoungGen      total 108032K, used 4566K [0x00000000e0780000, 0x00000000e7a80000, 0x0000000100000000)
  eden space 98304K, 0% used [0x00000000e0780000,0x00000000e0780000,0x00000000e6780000)
  from space 9728K, 46% used [0x00000000e6780000,0x00000000e6bf5868,0x00000000e7100000)
  to   space 9216K, 0% used [0x00000000e7180000,0x00000000e7180000,0x00000000e7a80000)
 ParOldGen       total 65536K, used 8384K [0x00000000a1600000, 0x00000000a5600000, 0x00000000e0780000)
  object space 65536K, 12% used [0x00000000a1600000,0x00000000a1e30378,0x00000000a5600000)
 Metaspace       used 20230K, capacity 21192K, committed 21248K, reserved 1067008K
  class space    used 2558K, capacity 2769K, committed 2816K, reserved 1048576K
Event: 8.421 GC heap after
Heap after GC invocations=8 (full 1):
 PSYoungGen      total 108032K, used 0K [0x00000000e0780000, 0x00000000e7a80000, 0x0000000100000000)
  eden space 98304K, 0% used [0x00000000e0780000,0x00000000e0780000,0x00000000e6780000)
  from space 9728K, 0% used [0x00000000e6780000,0x00000000e6780000,0x00000000e7100000)
  to   space 9216K, 0% used [0x00000000e7180000,0x00000000e7180000,0x00000000e7a80000)
 ParOldGen       total 41984K, used 6269K [0x00000000a1600000, 0x00000000a3f00000, 0x00000000e0780000)
  object space 41984K, 14% used [0x00000000a1600000,0x00000000a1c1f778,0x00000000a3f00000)
 Metaspace       used 20230K, capacity 21192K, committed 21248K, reserved 1067008K
  class space    used 2558K, capacity 2769K, committed 2816K, reserved 1048576K
}
Event: 15.862 GC heap before
{Heap before GC invocations=9 (full 1):
 PSYoungGen      total 108032K, used 98304K [0x00000000e0780000, 0x00000000e7a80000, 0x0000000100000000)
  eden space 98304K, 100% used [0x00000000e0780000,0x00000000e6780000,0x00000000e6780000)
  from space 9728K, 0% used [0x00000000e6780000,0x00000000e6780000,0x00000000e7100000)
  to   space 9216K, 0% used [0x00000000e7180000,0x00000000e7180000,0x00000000e7a80000)
 ParOldGen       total 41984K, used 6269K [0x00000000a1600000, 0x00000000a3f00000, 0x00000000e0780000)
  object space 41984K, 14% used [0x00000000a1600000,0x00000000a1c1f778,0x00000000a3f00000)
 Metaspace       used 28208K, capacity 30284K, committed 30464K, reserved 1075200K
  class space    used 3690K, capacity 4038K, committed 4096K, reserved 1048576K
Event: 15.898 GC heap after
Heap after GC invocations=9 (full 1):
 PSYoungGen      total 107520K, used 9195K [0x00000000e0780000, 0x00000000e7a80000, 0x0000000100000000)
  eden space 98304K, 0% used [0x00000000e0780000,0x00000000e0780000,0x00000000e6780000)
  from space 9216K, 99% used [0x00000000e7180000,0x00000000e7a7afd0,0x00000000e7a80000)
  to   space 9728K, 0% used [0x00000000e6780000,0x00000000e6780000,0x00000000e7100000)
 ParOldGen       total 41984K, used 8260K [0x00000000a1600000, 0x00000000a3f00000, 0x00000000e0780000)
  object space 41984K, 19% used [0x00000000a1600000,0x00000000a1e112e8,0x00000000a3f00000)
 Metaspace       used 28208K, capacity 30284K, committed 30464K, reserved 1075200K
  class space    used 3690K, capacity 4038K, committed 4096K, reserved 1048576K
}
Event: 17.083 GC heap before
{Heap before GC invocations=10 (full 1):
 PSYoungGen      total 107520K, used 107499K [0x00000000e0780000, 0x00000000e7a80000, 0x0000000100000000)
  eden space 98304K, 100% used [0x00000000e0780000,0x00000000e6780000,0x00000000e6780000)
  from space 9216K, 99% used [0x00000000e7180000,0x00000000e7a7afd0,0x00000000e7a80000)
  to   space 9728K, 0% used [0x00000000e6780000,0x00000000e6780000,0x00000000e7100000)
 ParOldGen       total 41984K, used 8260K [0x00000000a1600000, 0x00000000a3f00000, 0x00000000e0780000)
  object space 41984K, 19% used [0x00000000a1600000,0x00000000a1e112e8,0x00000000a3f00000)
 Metaspace       used 29713K, capacity 31834K, committed 32000K, reserved 1077248K
  class space    used 3882K, capacity 4235K, committed 4352K, reserved 1048576K
Event: 17.108 GC heap after
Heap after GC invocations=10 (full 1):
 PSYoungGen      total 108032K, used 6723K [0x00000000e0780000, 0x00000000ea400000, 0x0000000100000000)
  eden space 98304K, 0% used [0x00000000e0780000,0x00000000e0780000,0x00000000e6780000)
  from space 9728K, 69% used [0x00000000e6780000,0x00000000e6e10c10,0x00000000e7100000)
  to   space 11264K, 0% used [0x00000000e9900000,0x00000000e9900000,0x00000000ea400000)
 ParOldGen       total 41984K, used 8268K [0x00000000a1600000, 0x00000000a3f00000, 0x00000000e0780000)
  object space 41984K, 19% used [0x00000000a1600000,0x00000000a1e132e8,0x00000000a3f00000)
 Metaspace       used 29713K, capacity 31834K, committed 32000K, reserved 1077248K
  class space    used 3882K, capacity 4235K, committed 4352K, reserved 1048576K
}
Event: 19.903 GC heap before
{Heap before GC invocations=11 (full 1):
 PSYoungGen      total 108032K, used 30873K [0x00000000e0780000, 0x00000000ea400000, 0x0000000100000000)
  eden space 98304K, 24% used [0x00000000e0780000,0x00000000e1f15860,0x00000000e6780000)
  from space 9728K, 69% used [0x00000000e6780000,0x00000000e6e10c10,0x00000000e7100000)
  to   space 11264K, 0% used [0x00000000e9900000,0x00000000e9900000,0x00000000ea400000)
 ParOldGen       total 41984K, used 8268K [0x00000000a1600000, 0x00000000a3f00000, 0x00000000e0780000)
  object space 41984K, 19% used [0x00000000a1600000,0x00000000a1e132e8,0x00000000a3f00000)
 Metaspace       used 33143K, capacity 35318K, committed 35416K, reserved 1079296K
  class space    used 4418K, capacity 4767K, committed 4864K, reserved 1048576K
Event: 19.933 GC heap after
Heap after GC invocations=11 (full 1):
 PSYoungGen      total 142848K, used 4414K [0x00000000e0780000, 0x00000000ea080000, 0x0000000100000000)
  eden space 135168K, 0% used [0x00000000e0780000,0x00000000e0780000,0x00000000e8b80000)
  from space 7680K, 57% used [0x00000000e9900000,0x00000000e9d4f920,0x00000000ea080000)
  to   space 10752K, 0% used [0x00000000e8b80000,0x00000000e8b80000,0x00000000e9600000)
 ParOldGen       total 41984K, used 12884K [0x00000000a1600000, 0x00000000a3f00000, 0x00000000e0780000)
  object space 41984K, 30% used [0x00000000a1600000,0x00000000a2295358,0x00000000a3f00000)
 Metaspace       used 33143K, capacity 35318K, committed 35416K, reserved 1079296K
  class space    used 4418K, capacity 4767K, committed 4864K, reserved 1048576K
}
Event: 19.933 GC heap before
{Heap before GC invocations=12 (full 2):
 PSYoungGen      total 142848K, used 4414K [0x00000000e0780000, 0x00000000ea080000, 0x0000000100000000)
  eden space 135168K, 0% used [0x00000000e0780000,0x00000000e0780000,0x00000000e8b80000)
  from space 7680K, 57% used [0x00000000e9900000,0x00000000e9d4f920,0x00000000ea080000)
  to   space 10752K, 0% used [0x00000000e8b80000,0x00000000e8b80000,0x00000000e9600000)
 ParOldGen       total 41984K, used 12884K [0x00000000a1600000, 0x00000000a3f00000, 0x00000000e0780000)
  object space 41984K, 30% used [0x00000000a1600000,0x00000000a2295358,0x00000000a3f00000)
 Metaspace       used 33143K, capacity 35318K, committed 35416K, reserved 1079296K
  class space    used 4418K, capacity 4767K, committed 4864K, reserved 1048576K
Event: 20.100 GC heap after
Heap after GC invocations=12 (full 2):
 PSYoungGen      total 142848K, used 0K [0x00000000e0780000, 0x00000000ea080000, 0x0000000100000000)
  eden space 135168K, 0% used [0x00000000e0780000,0x00000000e0780000,0x00000000e8b80000)
  from space 7680K, 0% used [0x00000000e9900000,0x00000000e9900000,0x00000000ea080000)
  to   space 10752K, 0% used [0x00000000e8b80000,0x00000000e8b80000,0x00000000e9600000)
 ParOldGen       total 41984K, used 13745K [0x00000000a1600000, 0x00000000a3f00000, 0x00000000e0780000)
  object space 41984K, 32% used [0x00000000a1600000,0x00000000a236c550,0x00000000a3f00000)
 Metaspace       used 33143K, capacity 35318K, committed 35416K, reserved 1079296K
  class space    used 4418K, capacity 4767K, committed 4864K, reserved 1048576K
}

Deoptimization events (10 events):
Event: 23.506 Thread 0x0000015c1ffaf800 Uncommon trap: reason=unstable_if action=reinterpret pc=0x0000015c0b7d4fac method=java.security.CodeSource.getCertificates()[Ljava/security/cert/Certificate; @ 22
Event: 23.508 Thread 0x0000015c1ffaf800 Uncommon trap: reason=unstable_if action=reinterpret pc=0x0000015c0b6415f0 method=java.util.jar.JarFile.maybeInstantiateVerifier()V @ 4
Event: 24.994 Thread 0x0000015c1ffaf800 Uncommon trap: reason=unstable_if action=reinterpret pc=0x0000015c0b8a1014 method=java.math.BigInteger.addOne([IIII)I @ 55
Event: 25.052 Thread 0x0000015c1ffaf800 Uncommon trap: reason=unstable_if action=reinterpret pc=0x0000015c0b2833ec method=sun.net.util.IPAddressUtil.scan(Ljava/lang/String;JJ[C)I @ 14
Event: 25.620 Thread 0x0000015c1ffaf800 Uncommon trap: reason=unstable_if action=reinterpret pc=0x0000015c0b39e934 method=java.util.HashMap.putVal(ILjava/lang/Object;Ljava/lang/Object;ZZ)Ljava/lang/Object; @ 162
Event: 25.825 Thread 0x0000015c1ffaf800 Uncommon trap: reason=predicate action=maybe_recompile pc=0x0000015c0b91fd90 method=java.util.regex.Pattern$SliceI.match(Ljava/util/regex/Matcher;ILjava/lang/CharSequence;)Z @ 21
Event: 26.261 Thread 0x0000015c1ffaf800 Uncommon trap: reason=class_check action=maybe_recompile pc=0x0000015c0af7ea1c method=sun.security.util.math.intpoly.IntegerPolynomial$MutableElement.setSum(Lsun/security/util/math/IntegerModuloP;)Lsun/security/util/math/intpoly/IntegerPolynomial$MutableE
Event: 26.261 Thread 0x0000015c1ffaf800 Uncommon trap: reason=class_check action=maybe_recompile pc=0x0000015c0af7ea1c method=sun.security.util.math.intpoly.IntegerPolynomial$MutableElement.setSum(Lsun/security/util/math/IntegerModuloP;)Lsun/security/util/math/intpoly/IntegerPolynomial$MutableE
Event: 26.261 Thread 0x0000015c1ffaf800 Uncommon trap: reason=class_check action=maybe_recompile pc=0x0000015c0af7ea1c method=sun.security.util.math.intpoly.IntegerPolynomial$MutableElement.setSum(Lsun/security/util/math/IntegerModuloP;)Lsun/security/util/math/intpoly/IntegerPolynomial$MutableE
Event: 26.261 Thread 0x0000015c1ffaf800 Uncommon trap: reason=class_check action=maybe_recompile pc=0x0000015c0af7ea1c method=sun.security.util.math.intpoly.IntegerPolynomial$MutableElement.setSum(Lsun/security/util/math/IntegerModuloP;)Lsun/security/util/math/intpoly/IntegerPolynomial$MutableE

Classes redefined (0 events):
No events

Internal exceptions (10 events):
Event: 12.792 Thread 0x0000015c1ffaf800 Exception <a 'java/lang/ClassNotFoundException': org/springframework/transaction/annotation/ProxyTransactionManagementConfigurationCustomizer> (0x00000000e4b69f10) thrown at [C:\jenkins\workspace\8-2-build-windows-amd64-cygwin\jdk8u291\1294\hotspot\src\sh
Event: 12.798 Thread 0x0000015c1ffaf800 Exception <a 'java/lang/ClassNotFoundException': org/springframework/context/annotation/ImportAwareCustomizer> (0x00000000e4b83d98) thrown at [C:\jenkins\workspace\8-2-build-windows-amd64-cygwin\jdk8u291\1294\hotspot\src\share\vm\classfile\systemDictionar
Event: 12.801 Thread 0x0000015c1ffaf800 Exception <a 'java/lang/ClassNotFoundException': org/springframework/beans/factory/AwareCustomizer> (0x00000000e4b97760) thrown at [C:\jenkins\workspace\8-2-build-windows-amd64-cygwin\jdk8u291\1294\hotspot\src\share\vm\classfile\systemDictionary.cpp, line
Event: 13.067 Thread 0x0000015c1ffaf800 Exception <a 'java/lang/NoSuchMethodError': java.lang.Object.lambda$map$1(Ljava/util/function/Function;)Ljava/util/stream/Stream;> (0x00000000e4ef8728) thrown at [C:\jenkins\workspace\8-2-build-windows-amd64-cygwin\jdk8u291\1294\hotspot\src\share\vm\inter
Event: 13.759 Thread 0x0000015c1ffaf800 Exception <a 'java/lang/IncompatibleClassChangeError': Found class java.lang.Object, but interface was expected> (0x00000000e56e1708) thrown at [C:\jenkins\workspace\8-2-build-windows-amd64-cygwin\jdk8u291\1294\hotspot\src\share\vm\interpreter\linkResolve
Event: 16.237 Thread 0x0000015c1ffaf800 Implicit null exception at 0x0000015c0b755ec3 to 0x0000015c0b758a6d
Event: 16.500 Thread 0x0000015c1ffaf800 Exception <a 'java/io/FileNotFoundException'> (0x00000000e5c01bd0) thrown at [C:\jenkins\workspace\8-2-build-windows-amd64-cygwin\jdk8u291\1294\hotspot\src\share\vm\prims\jni.cpp, line 710]
Event: 16.880 Thread 0x0000015c1ffaf800 Exception <a 'java/io/FileNotFoundException'> (0x00000000e60c7870) thrown at [C:\jenkins\workspace\8-2-build-windows-amd64-cygwin\jdk8u291\1294\hotspot\src\share\vm\prims\jni.cpp, line 710]
Event: 17.034 Thread 0x0000015c1ffaf800 Implicit null exception at 0x0000015c0b0e8e96 to 0x0000015c0b0e9239
Event: 17.575 Thread 0x0000015c1ffaf800 Implicit null exception at 0x0000015c0b6169d3 to 0x0000015c0b616b4d

Events (10 events):
Event: 27.471 loading class com/mysql/cj/protocol/a/result/ResultsetRowsCursor
Event: 27.471 loading class com/mysql/cj/protocol/a/result/ResultsetRowsCursor done
Event: 27.524 loading class org/hibernate/boot/model/source/internal/hbm/CommaSeparatedStringHelper
Event: 27.524 loading class org/hibernate/boot/model/source/internal/hbm/CommaSeparatedStringHelper done
Event: 27.543 loading class java/util/regex/Pattern$1MatcherIterator
Event: 27.544 loading class java/util/regex/Pattern$1MatcherIterator done
Event: 27.555 loading class org/hibernate/engine/jdbc/env/spi/AnsiSqlKeywords
Event: 27.555 loading class org/hibernate/engine/jdbc/env/spi/AnsiSqlKeywords done
Event: 27.558 Thread 0x0000015c22193800 DEOPT PACKING pc=0x0000015c0b13e7f2 sp=0x0000003d103fdc30
Event: 27.558 Thread 0x0000015c22193800 DEOPT UNPACKING pc=0x0000015c0ae17898 sp=0x0000003d103fd900 mode 0


Dynamic libraries:
0x00007ff6c6d40000 - 0x00007ff6c6d87000 	C:\Program Files\Java\jre1.8.0_291\bin\javaw.exe
0x00007ffe09f40000 - 0x00007ffe0a130000 	C:\WINDOWS\SYSTEM32\ntdll.dll
0x00007ffe08320000 - 0x00007ffe083d2000 	C:\WINDOWS\System32\KERNEL32.DLL
0x00007ffe07d40000 - 0x00007ffe07fe5000 	C:\WINDOWS\System32\KERNELBASE.dll
0x00007ffe09d50000 - 0x00007ffe09df3000 	C:\WINDOWS\System32\ADVAPI32.dll
0x00007ffe08280000 - 0x00007ffe0831e000 	C:\WINDOWS\System32\msvcrt.dll
0x00007ffe09670000 - 0x00007ffe09707000 	C:\WINDOWS\System32\sechost.dll
0x00007ffe092d0000 - 0x00007ffe093ef000 	C:\WINDOWS\System32\RPCRT4.dll
0x00007ffe087d0000 - 0x00007ffe08964000 	C:\WINDOWS\System32\USER32.dll
0x00007ffe07bb0000 - 0x00007ffe07bd1000 	C:\WINDOWS\System32\win32u.dll
0x00007ffe08450000 - 0x00007ffe08476000 	C:\WINDOWS\System32\GDI32.dll
0x00007ffe078d0000 - 0x00007ffe07a68000 	C:\WINDOWS\System32\gdi32full.dll
0x00007ffe07830000 - 0x00007ffe078ce000 	C:\WINDOWS\System32\msvcp_win.dll
0x00007ffe07650000 - 0x00007ffe0774a000 	C:\WINDOWS\System32\ucrtbase.dll
0x00007ffdff680000 - 0x00007ffdff904000 	C:\WINDOWS\WinSxS\amd64_microsoft.windows.common-controls_6595b64144ccf1df_6.0.18362.1440_none_9e7dbfb9e45e8e67\COMCTL32.dll
0x00007ffe08490000 - 0x00007ffe087c6000 	C:\WINDOWS\System32\combase.dll
0x00007ffe07a70000 - 0x00007ffe07af1000 	C:\WINDOWS\System32\bcryptPrimitives.dll
0x00007ffe09e00000 - 0x00007ffe09e2e000 	C:\WINDOWS\System32\IMM32.DLL
0x00007ffdfb5f0000 - 0x00007ffdfb605000 	C:\Program Files\Java\jre1.8.0_291\bin\vcruntime140.dll
0x00007ffdee300000 - 0x00007ffdee39b000 	C:\Program Files\Java\jre1.8.0_291\bin\msvcp140.dll
0x000000006d510000 - 0x000000006dd70000 	C:\Program Files\Java\jre1.8.0_291\bin\server\jvm.dll
0x00007ffe09850000 - 0x00007ffe09858000 	C:\WINDOWS\System32\PSAPI.DLL
0x00007ffdfaf30000 - 0x00007ffdfaf39000 	C:\WINDOWS\SYSTEM32\WSOCK32.dll
0x00007ffe09450000 - 0x00007ffe094bf000 	C:\WINDOWS\System32\WS2_32.dll
0x00007ffe00ea0000 - 0x00007ffe00ec4000 	C:\WINDOWS\SYSTEM32\WINMM.dll
0x00007ffdfe550000 - 0x00007ffdfe55a000 	C:\WINDOWS\SYSTEM32\VERSION.dll
0x00007ffe00e10000 - 0x00007ffe00e3d000 	C:\WINDOWS\SYSTEM32\WINMMBASE.dll
0x00007ffe077e0000 - 0x00007ffe0782a000 	C:\WINDOWS\System32\cfgmgr32.dll
0x00007ffe06e00000 - 0x00007ffe06e11000 	C:\WINDOWS\System32\kernel.appcore.dll
0x00007ffdffe80000 - 0x00007ffdffe90000 	C:\Program Files\Java\jre1.8.0_291\bin\verify.dll
0x00007ffdf5f90000 - 0x00007ffdf5fbb000 	C:\Program Files\Java\jre1.8.0_291\bin\java.dll
0x00007ffdf2c60000 - 0x00007ffdf2c78000 	C:\Program Files\Java\jre1.8.0_291\bin\zip.dll
0x00007ffe08970000 - 0x00007ffe09058000 	C:\WINDOWS\System32\SHELL32.dll
0x00007ffe08170000 - 0x00007ffe08217000 	C:\WINDOWS\System32\shcore.dll
0x00007ffe06ed0000 - 0x00007ffe0764b000 	C:\WINDOWS\System32\windows.storage.dll
0x00007ffe06e20000 - 0x00007ffe06e3e000 	C:\WINDOWS\System32\profapi.dll
0x00007ffe06e40000 - 0x00007ffe06e8a000 	C:\WINDOWS\System32\powrprof.dll
0x00007ffe06df0000 - 0x00007ffe06e00000 	C:\WINDOWS\System32\UMPDC.dll
0x00007ffe09060000 - 0x00007ffe090b2000 	C:\WINDOWS\System32\shlwapi.dll
0x00007ffe06eb0000 - 0x00007ffe06ec7000 	C:\WINDOWS\System32\cryptsp.dll
0x00007ffdffe50000 - 0x00007ffdffe5d000 	C:\Program Files\Java\jre1.8.0_291\bin\management.dll
0x00007ffdf2c40000 - 0x00007ffdf2c5c000 	C:\Program Files\Java\jre1.8.0_291\bin\net.dll
0x00007ffe065d0000 - 0x00007ffe06637000 	C:\WINDOWS\system32\mswsock.dll
0x00007ffdfc530000 - 0x00007ffdfc546000 	C:\WINDOWS\system32\napinsp.dll
0x00007ffdfc510000 - 0x00007ffdfc52a000 	C:\WINDOWS\system32\pnrpnsp.dll
0x00007ffe06320000 - 0x00007ffe063eb000 	C:\WINDOWS\SYSTEM32\DNSAPI.dll
0x00007ffe07ff0000 - 0x00007ffe07ff8000 	C:\WINDOWS\System32\NSI.dll
0x00007ffe062e0000 - 0x00007ffe0631a000 	C:\WINDOWS\SYSTEM32\IPHLPAPI.DLL
0x00007ffdfc500000 - 0x00007ffdfc50e000 	C:\WINDOWS\System32\winrnr.dll
0x00007ffe03770000 - 0x00007ffe0378c000 	C:\WINDOWS\system32\NLAapi.dll
0x00007ffe02ac0000 - 0x00007ffe02ad5000 	C:\WINDOWS\system32\wshbth.dll
0x00007ffe005d0000 - 0x00007ffe005da000 	C:\Windows\System32\rasadhlp.dll
0x00007ffdff0f0000 - 0x00007ffdff167000 	C:\WINDOWS\System32\fwpuclnt.dll
0x00007ffe077b0000 - 0x00007ffe077d6000 	C:\WINDOWS\System32\bcrypt.dll
0x00007ffdf0fa0000 - 0x00007ffdf0fb3000 	C:\Program Files\Java\jre1.8.0_291\bin\nio.dll
0x00007ffe06150000 - 0x00007ffe06183000 	C:\WINDOWS\system32\rsaenh.dll
0x00007ffe06cd0000 - 0x00007ffe06cf5000 	C:\WINDOWS\SYSTEM32\USERENV.dll
0x00007ffe067a0000 - 0x00007ffe067ac000 	C:\WINDOWS\SYSTEM32\CRYPTBASE.dll
0x00007ffe005e0000 - 0x00007ffe005f6000 	C:\WINDOWS\SYSTEM32\dhcpcsvc6.DLL
0x00007ffe01020000 - 0x00007ffe0103c000 	C:\WINDOWS\SYSTEM32\dhcpcsvc.DLL
0x00007ffdef4c0000 - 0x00007ffdef4e4000 	C:\Program Files\Java\jre1.8.0_291\bin\sunec.dll
0x00007ffdfe630000 - 0x00007ffdfe63d000 	C:\Program Files\Java\jre1.8.0_291\bin\sunmscapi.dll
0x00007ffe07be0000 - 0x00007ffe07d31000 	C:\WINDOWS\System32\CRYPT32.dll
0x00007ffe06e90000 - 0x00007ffe06ea2000 	C:\WINDOWS\System32\MSASN1.dll
0x00007ffe068a0000 - 0x00007ffe068c6000 	C:\WINDOWS\SYSTEM32\ncrypt.dll
0x00007ffe06860000 - 0x00007ffe0689b000 	C:\WINDOWS\SYSTEM32\NTASN1.dll
0x00007ffdfac40000 - 0x00007ffdfae34000 	C:\WINDOWS\SYSTEM32\dbghelp.dll

VM Arguments:
jvm_args: -Dfile.encoding=UTF-8 
java_command: com.mvc.mudi.MudiApplication
java_class_path (initial): C:\Users\Rafael\eclipse-workspace\mudi\target\classes;C:\Users\Rafael\.m2\repository\org\springframework\boot\spring-boot-starter-data-jpa\2.5.2\spring-boot-starter-data-jpa-2.5.2.jar;C:\Users\Rafael\.m2\repository\org\springframework\boot\spring-boot-starter-aop\2.5.2\spring-boot-starter-aop-2.5.2.jar;C:\Users\Rafael\.m2\repository\org\springframework\spring-aop\5.3.8\spring-aop-5.3.8.jar;C:\Users\Rafael\.m2\repository\org\aspectj\aspectjweaver\1.9.6\aspectjweaver-1.9.6.jar;C:\Users\Rafael\.m2\repository\org\springframework\boot\spring-boot-starter-jdbc\2.5.2\spring-boot-starter-jdbc-2.5.2.jar;C:\Users\Rafael\.m2\repository\com\zaxxer\HikariCP\4.0.3\HikariCP-4.0.3.jar;C:\Users\Rafael\.m2\repository\org\springframework\spring-jdbc\5.3.8\spring-jdbc-5.3.8.jar;C:\Users\Rafael\.m2\repository\jakarta\transaction\jakarta.transaction-api\1.3.3\jakarta.transaction-api-1.3.3.jar;C:\Users\Rafael\.m2\repository\jakarta\persistence\jakarta.persistence-api\2.2.3\jakarta.persistence-api-2.2.3.jar;C:\Users\Rafael\.m2\repository\org\hibernate\hibernate-core\5.4.32.Final\hibernate-core-5.4.32.Final.jar;C:\Users\Rafael\.m2\repository\org\jboss\logging\jboss-logging\3.4.2.Final\jboss-logging-3.4.2.Final.jar;C:\Users\Rafael\.m2\repository\org\javassist\javassist\3.27.0-GA\javassist-3.27.0-GA.jar;C:\Users\Rafael\.m2\repository\net\bytebuddy\byte-buddy\1.10.22\byte-buddy-1.10.22.jar;C:\Users\Rafael\.m2\repository\antlr\antlr\2.7.7\antlr-2.7.7.jar;C:\Users\Rafael\.m2\repository\org\jboss\jandex\2.2.3.Final\jandex-2.2.3.Final.jar;C:\Users\Rafael\.m2\repository\com\fasterxml\classmate\1.5.1\classmate-1.5.1.jar;C:\Users\Rafael\.m2\repository\org\dom4j\dom4j\2.1.3\dom4j-2.1.3.jar;C:\Users\Rafael\.m2\repository\org\hibernate\common\hibernate-commons-annotations\5.1.2.Final\hibernate-commons-annotations-5.1.2.Final.jar;C:\Users\Rafael\.m2\repository\org\glassfish\jaxb\jaxb-runtime\2.3.4\jaxb-runtime-2.3.4.jar;C:\Users\Rafael\.m2\repository\org\glassfish\jaxb\txw2\2
Launcher Type: SUN_STANDARD

Environment Variables:
JAVA_HOME=C:\Program Files\Java\jre1.8.0_291
PATH=C:/Users/Rafael/.p2/pool/plugins/org.eclipse.justj.openjdk.hotspot.jre.full.win32.x86_64_15.0.2.v20210201-0955/jre/bin/server;C:/Users/Rafael/.p2/pool/plugins/org.eclipse.justj.openjdk.hotspot.jre.full.win32.x86_64_15.0.2.v20210201-0955/jre/bin;C:\Program Files\Python37\Scripts\;C:\Program Files\Python37\;C:\Program Files (x86)\Common Files\Oracle\Java\javapath;C:\ProgramData\Oracle\Java\javapath;c:\Program Files (x86)\Intel\iCLS Client\;c:\Program Files\Intel\iCLS Client\;C:\WINDOWS\system32;C:\WINDOWS;C:\WINDOWS\System32\Wbem;C:\WINDOWS\System32\WindowsPowerShell\v1.0\;C:\Program Files\Intel\Intel(R) Management Engine Components\DAL;C:\Program Files\Intel\Intel(R) Management Engine Components\IPT;C:\Program Files (x86)\Intel\Intel(R) Management Engine Components\DAL;C:\Program Files (x86)\Intel\Intel(R) Management Engine Components\IPT;C:\Program Files (x86)\Intel\OpenCL SDK\3.0\bin\x86;C:\Program Files (x86)\Intel\OpenCL SDK\3.0\bin\x64;C:\Program Files (x86)\Windows Live\Shared;C:\WINDOWS\System32\OpenSSH\;C:\Program Files\Java\jdk1.8.0_111\bin;C:\Program Files\Git\cmd;C:\Users\Rafael\AppData\Roaming\nvm;C:\Program Files\nodejs;C:\Program Files\MySQL\MySQL Shell 8.0\bin\;C:\Ruby27-x64\bin;C:\Users\Rafael\AppData\Local\Microsoft\WindowsApps;C:\Us;C:\Program Files\MySQL\MySQL Shell 8.0\bin\;C:\Ruby27-x64\bin;C:\Users\Rafael\AppData\Local\Microsoft\WindowsApps;C:\Users\Rafael\AppData\Local\Programs\Microsoft VS Code\bin;C:\Users\Rafael\AppData\Roaming\npm;C:\Program Files\heroku\bin;C:\Users\Rafael\AppData\Roaming\nvm;C:\Program Files\nodejs;C:\Program Files\Java\jre1.8.0_291\bin;;C:\Users\Rafael\Desktop\Atalhos;
USERNAME=Rafael
OS=Windows_NT
PROCESSOR_IDENTIFIER=Intel64 Family 6 Model 69 Stepping 1, GenuineIntel



---------------  S Y S T E M  ---------------

OS: Windows 10.0 , 64 bit Build 18362 (10.0.18362.1350)

CPU:total 4 (initial active 4) (2 cores per cpu, 2 threads per core) family 6 model 69 stepping 1, cmov, cx8, fxsr, mmx, sse, sse2, sse3, ssse3, sse4.1, sse4.2, popcnt, avx, avx2, aes, clmul, erms, lzcnt, ht, tsc, tscinvbit, bmi1, bmi2

Memory: 4k page, physical 6193836k(217496k free), swap 7885484k(4108k free)

vm_info: Java HotSpot(TM) 64-Bit Server VM (25.291-b10) for windows-amd64 JRE (1.8.0_291-b10), built on Apr  9 2021 00:02:00 by "java_re" with MS VC++ 15.9 (VS2017)

time: Mon Jul 12 19:24:43 2021
timezone: Hora oficial do Brasil
elapsed time: 27.691099 seconds (0d 0h 0m 27s)

